#
# A fatal error has been detected by the Java Runtime Environment:
#
#  EXCEPTION_ACCESS_VIOLATION (0xc0000005) at pc=0x1e004e90, pid=3360, tid=8036
#
# JRE version: 7.0_09-b05
# Java VM: Java HotSpot(TM) Client VM (23.5-b02 mixed mode windows-x86 )
# Problematic frame:
# C  0x1e004e90
#
# Failed to write core dump. Minidumps are not enabled by default on client versions of Windows
#
# If you would like to submit a bug report, please visit:
#   http://bugreport.sun.com/bugreport/crash.jsp
# The crash happened outside the Java Virtual Machine in native code.
# See problematic frame for where to report the bug.
#

---------------  T H R E A D  ---------------

Current thread (0x1d885400):  JavaThread "Timer-5" [_thread_in_native, id=8036, stack(0x1f290000,0x1f2e0000)]

siginfo: ExceptionCode=0xc0000005, ExceptionInformation=0x00000008 0x1e004e90

Registers:
EAX=0x1e004e90, EBX=0x14b17a48, ECX=0x1d885528, EDX=0x14b1b1d8
ESP=0x1f2df68c, EBP=0x1f2df6d0, ESI=0x14b17a48, EDI=0x1d885400
EIP=0x1e004e90, EFLAGS=0x00010283

Top of Stack: (sp=0x1f2df68c)
0x1f2df68c:   01f2f082 1d885528 1f2df6e8 00000000
0x1f2df69c:   1f2df6e0 1f2df6c0 1f2df6bc 1f2df6d8
0x1f2df6ac:   020f562a 1f2df6b0 00000000 1f2df6e8
0x1f2df6bc:   14b1b1d8 00000000 14b17a48 00000000
0x1f2df6cc:   1f2df6e0 1f2df70c 01f234da 00000000
0x1f2df6dc:   01f2bec6 04048c80 00000000 099eeba8
0x1f2df6ec:   1f2df6ec 14b16c47 1f2df734 14b1b1d8
0x1f2df6fc:   00000000 14b16f58 1f2df6e0 1f2df728 

Instructions: (pc=0x1e004e90)
0x1e004e70:   
[error occurred during error reporting (printing registers, top of stack, instructions near pc), id 0xc0000005]

Register to memory mapping:

EAX=0x1e004e90 is an unknown value
EBX=0x14b17a48 is an oop
{method} 
 - klass: {other class}
ECX=0x1d885528 is an unknown value
EDX=0x14b1b1d8 is an oop
{constant pool cache} 
 - klass: {other class}
ESP=0x1f2df68c is pointing into the stack for thread: 0x1d885400
EBP=0x1f2df6d0 is pointing into the stack for thread: 0x1d885400
ESI=0x14b17a48 is an oop
{method} 
 - klass: {other class}
EDI=0x1d885400 is a thread


Stack: [0x1f290000,0x1f2e0000],  sp=0x1f2df68c,  free space=317k
Native frames: (J=compiled Java code, j=interpreted, Vv=VM code, C=native code)
C  0x1e004e90
j  com.sun.jna.Function.invoke([Ljava/lang/Object;Ljava/lang/Class;Z)Ljava/lang/Object;+615
j  com.sun.jna.Function.invoke(Ljava/lang/Class;[Ljava/lang/Object;Ljava/util/Map;)Ljava/lang/Object;+214
j  com.sun.jna.Library$Handler.invoke(Ljava/lang/Object;Ljava/lang/reflect/Method;[Ljava/lang/Object;)Ljava/lang/Object;+341
j  $Proxy5.initNCMD(ISS)Lcom/sun/jna/ptr/IntByReference;+33
j  multipledisplay.Functions.SearchDevice()Ljava/util/ArrayList;+61
j  multipledisplay.CMD.updateIDListIP()V+12
j  multipledisplay.CMD.access$5800(Lmultipledisplay/CMD;)V+1
j  multipledisplay.CMD$136.run()V+4
j  java.util.TimerThread.mainLoop()V+221
j  java.util.TimerThread.run()V+1
v  ~StubRoutines::call_stub
V  [jvm.dll+0x12a39a]
V  [jvm.dll+0x1d978e]
V  [jvm.dll+0x12a583]
V  [jvm.dll+0x12a5e7]
V  [jvm.dll+0xd315f]
V  [jvm.dll+0x14a697]
V  [jvm.dll+0x14a800]
V  [jvm.dll+0x17efe9]
C  [msvcr100.dll+0x5c6de]  endthreadex+0x3a
C  [msvcr100.dll+0x5c788]  endthreadex+0xe4
C  [kernel32.dll+0x4ed6c]  BaseThreadInitThunk+0x12
C  [ntdll.dll+0x6377b]  RtlInitializeExceptionChain+0xef
C  [ntdll.dll+0x6374e]  RtlInitializeExceptionChain+0xc2

Java frames: (J=compiled Java code, j=interpreted, Vv=VM code)
j  com.sun.jna.Function.invokePointer(I[Ljava/lang/Object;)Lcom/sun/jna/Pointer;+0
j  com.sun.jna.Function.invoke([Ljava/lang/Object;Ljava/lang/Class;Z)Ljava/lang/Object;+615
j  com.sun.jna.Function.invoke(Ljava/lang/Class;[Ljava/lang/Object;Ljava/util/Map;)Ljava/lang/Object;+214
j  com.sun.jna.Library$Handler.invoke(Ljava/lang/Object;Ljava/lang/reflect/Method;[Ljava/lang/Object;)Ljava/lang/Object;+341
j  $Proxy5.initNCMD(ISS)Lcom/sun/jna/ptr/IntByReference;+33
j  multipledisplay.Functions.SearchDevice()Ljava/util/ArrayList;+61
j  multipledisplay.CMD.updateIDListIP()V+12
j  multipledisplay.CMD.access$5800(Lmultipledisplay/CMD;)V+1
j  multipledisplay.CMD$136.run()V+4
j  java.util.TimerThread.mainLoop()V+221
j  java.util.TimerThread.run()V+1
v  ~StubRoutines::call_stub

---------------  P R O C E S S  ---------------

Java Threads: ( => current thread )
  0x1d885000 JavaThread "Timer-7" [_thread_blocked, id=6872, stack(0x1f860000,0x1f8b0000)]
  0x1d885c00 JavaThread "Timer-6" [_thread_blocked, id=5992, stack(0x1c290000,0x1c2e0000)]
=>0x1d885400 JavaThread "Timer-5" [_thread_in_native, id=8036, stack(0x1f290000,0x1f2e0000)]
  0x1d886400 JavaThread "Thread-10" [_thread_blocked, id=2308, stack(0x1f770000,0x1f7c0000)]
  0x1d884800 JavaThread "Thread-9" [_thread_blocked, id=7668, stack(0x1f9d0000,0x1fa20000)]
  0x187f7800 JavaThread "TimerQueue" daemon [_thread_blocked, id=6772, stack(0x192b0000,0x19300000)]
  0x186aa000 JavaThread "org.netbeans.modules.debugger.jpda.visual AWT Access Loop" daemon [_thread_blocked, id=5964, stack(0x18e90000,0x18ee0000)]
  0x0063b400 JavaThread "DestroyJavaVM" [_thread_blocked, id=6636, stack(0x00c50000,0x00ca0000)]
  0x18686000 JavaThread "AWT-EventQueue-0" [_thread_blocked, id=5656, stack(0x18ce0000,0x18d30000)]
  0x1866a000 JavaThread "AWT-Shutdown" [_thread_blocked, id=7040, stack(0x18a50000,0x18aa0000)]
  0x18667400 JavaThread "Java2D Disposer" daemon [_thread_blocked, id=6936, stack(0x18b00000,0x18b50000)]
  0x17fd3000 JavaThread "Service Thread" daemon [_thread_blocked, id=7648, stack(0x185c0000,0x18610000)]
  0x17fd2800 JavaThread "C1 CompilerThread0" daemon [_thread_blocked, id=6060, stack(0x183e0000,0x18430000)]
  0x17fc1000 JavaThread "JDWP Event Helper Thread" daemon [_thread_blocked, id=5404, stack(0x18460000,0x184b0000)]
  0x17faec00 JavaThread "Attach Listener" daemon [_thread_blocked, id=5668, stack(0x18160000,0x181b0000)]
  0x17fadc00 JavaThread "Signal Dispatcher" daemon [_thread_blocked, id=6724, stack(0x18320000,0x18370000)]
  0x17f2f800 JavaThread "Finalizer" daemon [_thread_blocked, id=5336, stack(0x18390000,0x183e0000)]
  0x17f2ac00 JavaThread "Reference Handler" daemon [_thread_blocked, id=6584, stack(0x182b0000,0x18300000)]

Other Threads:
  0x17f25400 VMThread [stack: 0x181d0000,0x18220000] [id=7568]

VM state:at safepoint (normal execution)

VM Mutex/Monitor currently owned by a thread:  ([mutex/lock_event])
[0x00639658] Threads_lock - owner thread: 0x17f25400

Heap
 def new generation   total 4928K, used 1406K [0x03f20000, 0x04470000, 0x09470000)
  eden space 4416K,  29% used [0x03f20000, 0x04068040, 0x04370000)
  from space 512K,  18% used [0x043f0000, 0x04407878, 0x04470000)
  to   space 512K,   0% used [0x04370000, 0x04370000, 0x043f0000)
 tenured generation   total 10944K, used 5863K [0x09470000, 0x09f20000, 0x13f20000)
   the space 10944K,  53% used [0x09470000, 0x09a29e80, 0x09a2a000, 0x09f20000)
 compacting perm gen  total 13056K, used 12875K [0x13f20000, 0x14be0000, 0x17f20000)
   the space 13056K,  98% used [0x13f20000, 0x14bb2ee8, 0x14bb3000, 0x14be0000)
No shared spaces configured.

Card table byte_map: [0x01cf0000,0x01da0000] byte_map_base: 0x01cd0700

Polling page: 0x00620000

Code Cache  [0x01f20000, 0x02118000, 0x03f20000)
 total_blobs=1201 nmethods=958 adapters=184 free_code_cache=30787Kb largest_free_block=31521344

Compilation events (10 events):
Event: 48.973 Thread 0x17fd2800  998   !         javax.swing.text.SegmentCache::getSegment (55 bytes)
Event: 48.974 Thread 0x17fd2800 nmethod 998 0x0210ef08 code [0x0210f040, 0x0210f374]
Event: 48.974 Thread 0x17fd2800  999             javax.swing.text.SegmentCache::releaseSharedSegment (8 bytes)
Event: 48.974 Thread 0x17fd2800 nmethod 999 0x0210f548 code [0x0210f650, 0x0210f6ec]
Event: 48.974 Thread 0x17fd2800 1000   !         javax.swing.text.SegmentCache::releaseSegment (43 bytes)
Event: 48.975 Thread 0x17fd2800 nmethod 1000 0x0210f788 code [0x0210f8a0, 0x0210fb1c]
Event: 48.986 Thread 0x17fd2800 1001             java.awt.EventQueue::cacheEQItem (71 bytes)
Event: 48.987 Thread 0x17fd2800 nmethod 1001 0x0210fc48 code [0x0210fd60, 0x0210ffec]
Event: 48.987 Thread 0x17fd2800 1002             java.awt.EventQueue::uncacheEQItem (53 bytes)
Event: 48.987 Thread 0x17fd2800 nmethod 1002 0x021101c8 code [0x021102e0, 0x0211043c]

GC Heap History (10 events):
Event: 10.751 GC heap before
{Heap before GC invocations=36 (full 0):
 def new generation   total 4928K, used 4628K [0x03f20000, 0x04470000, 0x09470000)
  eden space 4416K, 100% used [0x03f20000, 0x04370000, 0x04370000)
  from space 512K,  41% used [0x04370000, 0x043a5268, 0x043f0000)
  to   space 512K,   0% used [0x043f0000, 0x043f0000, 0x04470000)
 tenured generation   total 10944K, used 5534K [0x09470000, 0x09f20000, 0x13f20000)
   the space 10944K,  50% used [0x09470000, 0x099d79a8, 0x099d7a00, 0x09f20000)
 compacting perm gen  total 12544K, used 12501K [0x13f20000, 0x14b60000, 0x17f20000)
   the space 12544K,  99% used [0x13f20000, 0x14b55490, 0x14b55600, 0x14b60000)
No shared spaces configured.
Event: 10.755 GC heap after
Heap after GC invocations=37 (full 0):
 def new generation   total 4928K, used 324K [0x03f20000, 0x04470000, 0x09470000)
  eden space 4416K,   0% used [0x03f20000, 0x03f20000, 0x04370000)
  from space 512K,  63% used [0x043f0000, 0x04441338, 0x04470000)
  to   space 512K,   0% used [0x04370000, 0x04370000, 0x043f0000)
 tenured generation   total 10944K, used 5534K [0x09470000, 0x09f20000, 0x13f20000)
   the space 10944K,  50% used [0x09470000, 0x099d79a8, 0x099d7a00, 0x09f20000)
 compacting perm gen  total 12544K, used 12501K [0x13f20000, 0x14b60000, 0x17f20000)
   the space 12544K,  99% used [0x13f20000, 0x14b55490, 0x14b55600, 0x14b60000)
No shared spaces configured.
}
Event: 10.862 GC heap before
{Heap before GC invocations=37 (full 0):
 def new generation   total 4928K, used 4740K [0x03f20000, 0x04470000, 0x09470000)
  eden space 4416K, 100% used [0x03f20000, 0x04370000, 0x04370000)
  from space 512K,  63% used [0x043f0000, 0x04441338, 0x04470000)
  to   space 512K,   0% used [0x04370000, 0x04370000, 0x043f0000)
 tenured generation   total 10944K, used 5534K [0x09470000, 0x09f20000, 0x13f20000)
   the space 10944K,  50% used [0x09470000, 0x099d79a8, 0x099d7a00, 0x09f20000)
 compacting perm gen  total 12800K, used 12588K [0x13f20000, 0x14ba0000, 0x17f20000)
   the space 12800K,  98% used [0x13f20000, 0x14b6b3f0, 0x14b6b400, 0x14ba0000)
No shared spaces configured.
Event: 10.866 GC heap after
Heap after GC invocations=38 (full 0):
 def new generation   total 4928K, used 475K [0x03f20000, 0x04470000, 0x09470000)
  eden space 4416K,   0% used [0x03f20000, 0x03f20000, 0x04370000)
  from space 512K,  92% used [0x04370000, 0x043e6eb8, 0x043f0000)
  to   space 512K,   0% used [0x043f0000, 0x043f0000, 0x04470000)
 tenured generation   total 10944K, used 5644K [0x09470000, 0x09f20000, 0x13f20000)
   the space 10944K,  51% used [0x09470000, 0x099f3220, 0x099f3400, 0x09f20000)
 compacting perm gen  total 12800K, used 12588K [0x13f20000, 0x14ba0000, 0x17f20000)
   the space 12800K,  98% used [0x13f20000, 0x14b6b3f0, 0x14b6b400, 0x14ba0000)
No shared spaces configured.
}
Event: 45.767 GC heap before
{Heap before GC invocations=38 (full 0):
 def new generation   total 4928K, used 4891K [0x03f20000, 0x04470000, 0x09470000)
  eden space 4416K, 100% used [0x03f20000, 0x04370000, 0x04370000)
  from space 512K,  92% used [0x04370000, 0x043e6eb8, 0x043f0000)
  to   space 512K,   0% used [0x043f0000, 0x043f0000, 0x04470000)
 tenured generation   total 10944K, used 5644K [0x09470000, 0x09f20000, 0x13f20000)
   the space 10944K,  51% used [0x09470000, 0x099f3220, 0x099f3400, 0x09f20000)
 compacting perm gen  total 12800K, used 12755K [0x13f20000, 0x14ba0000, 0x17f20000)
   the space 12800K,  99% used [0x13f20000, 0x14b94e30, 0x14b95000, 0x14ba0000)
No shared spaces configured.
Event: 45.771 GC heap after
Heap after GC invocations=39 (full 0):
 def new generation   total 4928K, used 108K [0x03f20000, 0x04470000, 0x09470000)
  eden space 4416K,   0% used [0x03f20000, 0x03f20000, 0x04370000)
  from space 512K,  21% used [0x043f0000, 0x0440b190, 0x04470000)
  to   space 512K,   0% used [0x04370000, 0x04370000, 0x043f0000)
 tenured generation   total 10944K, used 5863K [0x09470000, 0x09f20000, 0x13f20000)
   the space 10944K,  53% used [0x09470000, 0x09a29e80, 0x09a2a000, 0x09f20000)
 compacting perm gen  total 12800K, used 12755K [0x13f20000, 0x14ba0000, 0x17f20000)
   the space 12800K,  99% used [0x13f20000, 0x14b94e30, 0x14b95000, 0x14ba0000)
No shared spaces configured.
}
Event: 45.844 GC heap before
{Heap before GC invocations=39 (full 0):
 def new generation   total 4928K, used 4524K [0x03f20000, 0x04470000, 0x09470000)
  eden space 4416K, 100% used [0x03f20000, 0x04370000, 0x04370000)
  from space 512K,  21% used [0x043f0000, 0x0440b190, 0x04470000)
  to   space 512K,   0% used [0x04370000, 0x04370000, 0x043f0000)
 tenured generation   total 10944K, used 5863K [0x09470000, 0x09f20000, 0x13f20000)
   the space 10944K,  53% used [0x09470000, 0x09a29e80, 0x09a2a000, 0x09f20000)
 compacting perm gen  total 12800K, used 12755K [0x13f20000, 0x14ba0000, 0x17f20000)
   the space 12800K,  99% used [0x13f20000, 0x14b94e50, 0x14b95000, 0x14ba0000)
No shared spaces configured.
Event: 45.846 GC heap after
Heap after GC invocations=40 (full 0):
 def new generation   total 4928K, used 124K [0x03f20000, 0x04470000, 0x09470000)
  eden space 4416K,   0% used [0x03f20000, 0x03f20000, 0x04370000)
  from space 512K,  24% used [0x04370000, 0x0438f288, 0x043f0000)
  to   space 512K,   0% used [0x043f0000, 0x043f0000, 0x04470000)
 tenured generation   total 10944K, used 5863K [0x09470000, 0x09f20000, 0x13f20000)
   the space 10944K,  53% used [0x09470000, 0x09a29e80, 0x09a2a000, 0x09f20000)
 compacting perm gen  total 12800K, used 12755K [0x13f20000, 0x14ba0000, 0x17f20000)
   the space 12800K,  99% used [0x13f20000, 0x14b94e50, 0x14b95000, 0x14ba0000)
No shared spaces configured.
}
Event: 46.502 GC heap before
{Heap before GC invocations=40 (full 0):
 def new generation   total 4928K, used 4540K [0x03f20000, 0x04470000, 0x09470000)
  eden space 4416K, 100% used [0x03f20000, 0x04370000, 0x04370000)
  from space 512K,  24% used [0x04370000, 0x0438f288, 0x043f0000)
  to   space 512K,   0% used [0x043f0000, 0x043f0000, 0x04470000)
 tenured generation   total 10944K, used 5863K [0x09470000, 0x09f20000, 0x13f20000)
   the space 10944K,  53% used [0x09470000, 0x09a29e80, 0x09a2a000, 0x09f20000)
 compacting perm gen  total 12800K, used 12755K [0x13f20000, 0x14ba0000, 0x17f20000)
   the space 12800K,  99% used [0x13f20000, 0x14b94e50, 0x14b95000, 0x14ba0000)
No shared spaces configured.
Event: 46.505 GC heap after
Heap after GC invocations=41 (full 0):
 def new generation   total 4928K, used 94K [0x03f20000, 0x04470000, 0x09470000)
  eden space 4416K,   0% used [0x03f20000, 0x03f20000, 0x04370000)
  from space 512K,  18% used [0x043f0000, 0x04407878, 0x04470000)
  to   space 512K,   0% used [0x04370000, 0x04370000, 0x043f0000)
 tenured generation   total 10944K, used 5863K [0x09470000, 0x09f20000, 0x13f20000)
   the space 10944K,  53% used [0x09470000, 0x09a29e80, 0x09a2a000, 0x09f20000)
 compacting perm gen  total 12800K, used 12755K [0x13f20000, 0x14ba0000, 0x17f20000)
   the space 12800K,  99% used [0x13f20000, 0x14b94e50, 0x14b95000, 0x14ba0000)
No shared spaces configured.
}

Deoptimization events (0 events):
No events

Internal exceptions (10 events):
Event: 12.831 Thread 0x1d884800 Threw 0x03fec7b8 at C:\jdk7u1_32P\jdk7u9_3984_new\hotspot\src\share\vm\prims\jvm.cpp:1166
Event: 12.832 Thread 0x1d884800 Threw 0x03ff03c0 at C:\jdk7u1_32P\jdk7u9_3984_new\hotspot\src\share\vm\prims\jvm.cpp:1166
Event: 12.937 Thread 0x1d885400 Threw 0x0400fe88 at C:\jdk7u1_32P\jdk7u9_3984_new\hotspot\src\share\vm\prims\jvm.cpp:1166
Event: 12.939 Thread 0x1d885400 Threw 0x04013fa0 at C:\jdk7u1_32P\jdk7u9_3984_new\hotspot\src\share\vm\prims\jvm.cpp:1166
Event: 12.940 Thread 0x1d885400 Threw 0x040156a8 at C:\jdk7u1_32P\jdk7u9_3984_new\hotspot\src\share\vm\prims\jvm.cpp:1166
Event: 12.963 Thread 0x1d885400 Threw 0x0402d478 at C:\jdk7u1_32P\jdk7u9_3984_new\hotspot\src\share\vm\prims\jvm.cpp:1166
Event: 12.964 Thread 0x1d885400 Threw 0x0402f908 at C:\jdk7u1_32P\jdk7u9_3984_new\hotspot\src\share\vm\prims\jvm.cpp:1166
Event: 13.077 Thread 0x1d884800 Threw 0x04048b98 at C:\jdk7u1_32P\jdk7u9_3984_new\hotspot\src\share\vm\prims\jvm.cpp:1166
Event: 13.078 Thread 0x1d884800 Threw 0x0404a500 at C:\jdk7u1_32P\jdk7u9_3984_new\hotspot\src\share\vm\prims\jvm.cpp:1166
Event: 48.815 Thread 0x18686000 Threw 0x03fc7b68 at C:\jdk7u1_32P\jdk7u9_3984_new\hotspot\src\share\vm\classfile\systemDictionary.cpp:179

Events (10 events):
Event: 49.950 Thread 0x1d886800 Thread exited: 0x1d886800
Event: 49.950 Thread 0x1d76b000 Thread exited: 0x1d76b000
Event: 49.952 loading class 0x186906e8
Event: 49.953 loading class 0x186906e8 done
Event: 49.955 Thread 0x1d887000 Thread exited: 0x1d887000
Event: 49.955 Thread 0x1d887400 Thread exited: 0x1d887400
Event: 49.996 Thread 0x1866ac00 Thread exited: 0x1866ac00
Event: 50.052 Thread 0x1d887c00 Thread exited: 0x1d887c00
Event: 50.059 Thread 0x17fc4000 Thread exited: 0x17fc4000
Event: 50.059 Thread 0x17fb5000 Thread exited: 0x17fb5000


Dynamic libraries:
0x00cc0000 - 0x00cef000 	C:\Program Files\Java\jdk1.7.0_09\bin\java.exe
0x77b80000 - 0x77cbc000 	C:\Windows\SYSTEM32\ntdll.dll
0x773b0000 - 0x77484000 	C:\Windows\system32\kernel32.dll
0x75dc0000 - 0x75e0b000 	C:\Windows\system32\KERNELBASE.dll
0x00280000 - 0x002ec000 	C:\Windows\SYSTEM32\SYSFER.DLL
0x764c0000 - 0x76560000 	C:\Windows\system32\ADVAPI32.dll
0x761b0000 - 0x7625c000 	C:\Windows\system32\msvcrt.dll
0x77cc0000 - 0x77cd9000 	C:\Windows\SYSTEM32\sechost.dll
0x77a60000 - 0x77b01000 	C:\Windows\system32\RPCRT4.dll
0x763f0000 - 0x764b9000 	C:\Windows\system32\USER32.dll
0x77270000 - 0x772be000 	C:\Windows\system32\GDI32.dll
0x77b20000 - 0x77b2a000 	C:\Windows\system32\LPK.dll
0x77800000 - 0x7789d000 	C:\Windows\system32\USP10.dll
0x75060000 - 0x751fe000 	C:\Windows\WinSxS\x86_microsoft.windows.common-controls_6595b64144ccf1df_6.0.7601.17514_none_41e6975e2bd6f2b2\COMCTL32.dll
0x778a0000 - 0x778f7000 	C:\Windows\system32\SHLWAPI.dll
0x77390000 - 0x773af000 	C:\Windows\system32\IMM32.DLL
0x77ce0000 - 0x77dac000 	C:\Windows\system32\MSCTF.dll
0x61e50000 - 0x61f0e000 	C:\Program Files\Java\jdk1.7.0_09\jre\bin\msvcr100.dll
0x6dfa0000 - 0x6e2ed000 	C:\Program Files\Java\jdk1.7.0_09\jre\bin\client\jvm.dll
0x6b160000 - 0x6b167000 	C:\Windows\system32\WSOCK32.dll
0x772c0000 - 0x772f5000 	C:\Windows\system32\WS2_32.dll
0x76380000 - 0x76386000 	C:\Windows\system32\NSI.dll
0x73db0000 - 0x73de2000 	C:\Windows\system32\WINMM.dll
0x77b10000 - 0x77b15000 	C:\Windows\system32\PSAPI.DLL
0x6c710000 - 0x6c71c000 	C:\Program Files\Java\jdk1.7.0_09\jre\bin\verify.dll
0x6c010000 - 0x6c030000 	C:\Program Files\Java\jdk1.7.0_09\jre\bin\java.dll
0x690a0000 - 0x690ca000 	C:\Program Files\Java\jdk1.7.0_09\jre\bin\jdwp.dll
0x725c0000 - 0x725c7000 	C:\Program Files\Java\jdk1.7.0_09\jre\bin\npt.dll
0x690e0000 - 0x690f3000 	C:\Program Files\Java\jdk1.7.0_09\jre\bin\zip.dll
0x6c000000 - 0x6c009000 	C:\Program Files\Java\jdk1.7.0_09\jre\bin\dt_shmem.dll
0x6d0c0000 - 0x6d202000 	C:\Program Files\Java\jdk1.7.0_09\jre\bin\awt.dll
0x77300000 - 0x7738f000 	C:\Windows\system32\OLEAUT32.dll
0x77900000 - 0x77a5c000 	C:\Windows\system32\ole32.dll
0x747b0000 - 0x747f0000 	C:\Windows\system32\uxtheme.dll
0x6a340000 - 0x6a35a000 	C:\Program Files\TeamViewer\Version8\tv_w32.dll
0x74ef0000 - 0x74ef9000 	C:\Windows\system32\VERSION.dll
0x6c240000 - 0x6c267000 	C:\Windows\system32\CRTDLL.dll
0x76570000 - 0x771ba000 	C:\Windows\system32\SHELL32.dll
0x74710000 - 0x74723000 	C:\Windows\system32\dwmapi.dll
0x75c60000 - 0x75c6c000 	C:\Windows\system32\CRYPTBASE.dll
0x6f3e0000 - 0x6f3eb000 	C:\Windows\system32\atiu9pag.dll
0x69070000 - 0x69084000 	C:\Program Files\Java\jdk1.7.0_09\jre\bin\net.dll
0x75740000 - 0x7577c000 	C:\Windows\system32\mswsock.dll
0x75730000 - 0x75736000 	C:\Windows\System32\wship6.dll
0x690d0000 - 0x690df000 	C:\Program Files\Java\jdk1.7.0_09\jre\bin\nio.dll
0x69040000 - 0x6906a000 	C:\Program Files\Java\jdk1.7.0_09\jre\bin\fontmanager.dll
0x61fd0000 - 0x62001000 	C:\Program Files\Java\jdk1.7.0_09\jre\bin\t2k.dll
0x1bd80000 - 0x1bd8e000 	C:\Program Files\Nuance\PDF Professional 5\bin\IEHelp.dll
0x61970000 - 0x619a6000 	C:\Program Files\WIDCOMM\Bluetooth Software\btmmhook.dll
0x775b0000 - 0x77633000 	C:\Windows\system32\CLBCatQ.DLL
0x740f0000 - 0x74220000 	C:\Windows\system32\WindowsCodecs.dll
0x75c10000 - 0x75c5c000 	C:\Windows\system32\apphelp.dll
0x6af10000 - 0x6af46000 	C:\Users\7000006\AppData\Local\Microsoft\SkyDrive\17.0.2015.0811\SkyDriveShell.dll
0x6ae80000 - 0x6af05000 	C:\Users\7000006\AppData\Local\Microsoft\SkyDrive\17.0.2015.0811\MSVCP110.dll
0x6ab90000 - 0x6ac62000 	C:\Users\7000006\AppData\Local\Microsoft\SkyDrive\17.0.2015.0811\MSVCR110.dll
0x6adf0000 - 0x6ae77000 	C:\Users\7000006\AppData\Local\Microsoft\SkyDrive\17.0.2015.0811\Telemetry.dll
0x6ade0000 - 0x6adea000 	C:\Users\7000006\AppData\Local\Microsoft\SkyDrive\17.0.2015.0811\logging.dll
0x6ab30000 - 0x6ab82000 	C:\Windows\system32\faultrep.dll
0x6ab10000 - 0x6ab25000 	C:\Windows\system32\Cabinet.dll
0x71110000 - 0x71168000 	C:\Windows\system32\WINHTTP.dll
0x71040000 - 0x7108f000 	C:\Windows\system32\webio.dll
0x74220000 - 0x7424f000 	C:\Windows\system32\XmlLite.dll
0x76260000 - 0x7637b000 	C:\Windows\system32\WININET.dll
0x76560000 - 0x76563000 	C:\Windows\system32\Normaliz.dll
0x77640000 - 0x777f9000 	C:\Windows\system32\iertutil.dll
0x77490000 - 0x775a1000 	C:\Windows\system32\urlmon.dll
0x6aaf0000 - 0x6ab02000 	C:\Program Files\Common Files\TortoiseOverlays\TortoiseOverlays.dll
0x6aad0000 - 0x6aae4000 	C:\Program Files\TortoiseSVN\bin\TortoiseStub32.dll
0x6aa60000 - 0x6aacf000 	C:\Program Files\TortoiseSVN\bin\TortoiseSVN32.dll
0x6a700000 - 0x6aa5e000 	C:\Program Files\TortoiseSVN\bin\libsvn_tsvn32.dll
0x6a6d0000 - 0x6a6f5000 	C:\Program Files\TortoiseSVN\bin\libapr_tsvn32.dll
0x6a690000 - 0x6a6c8000 	C:\Program Files\TortoiseSVN\bin\libaprutil_tsvn32.dll
0x77b30000 - 0x77b75000 	C:\Windows\system32\WLDAP32.dll
0x6a680000 - 0x6a68d000 	C:\Program Files\TortoiseSVN\bin\intl3_tsvn32.dll
0x6a660000 - 0x6a673000 	C:\Program Files\TortoiseSVN\bin\libsasl32.dll
0x759e0000 - 0x759e8000 	C:\Windows\system32\Secur32.dll
0x75ab0000 - 0x75acb000 	C:\Windows\system32\SSPICLI.DLL
0x75ed0000 - 0x75fee000 	C:\Windows\system32\CRYPT32.dll
0x75d80000 - 0x75d8c000 	C:\Windows\system32\MSASN1.dll
0x6a620000 - 0x6a62d000 	C:\Windows\system32\AcSignIcon.dll
0x69f00000 - 0x6a33f000 	C:\Windows\system32\mfc100u.dll
0x752c0000 - 0x752c5000 	C:\Windows\system32\MSIMG32.dll
0x6a610000 - 0x6a619000 	C:\Windows\system32\MFC100CHT.DLL
0x6a5d0000 - 0x6a601000 	C:\Windows\system32\EhStorShell.dll
0x76010000 - 0x761ad000 	C:\Windows\system32\SETUPAPI.dll
0x75d90000 - 0x75db7000 	C:\Windows\system32\CFGMGR32.dll
0x75ff0000 - 0x76002000 	C:\Windows\system32\DEVOBJ.dll
0x742b0000 - 0x743a5000 	C:\Windows\system32\PROPSYS.dll
0x6ecd0000 - 0x6ed5f000 	C:\Program Files\Google\Drive\googledrivesync32.dll
0x6a510000 - 0x6a59e000 	C:\Windows\WinSxS\x86_microsoft.vc90.crt_1fc8b3b9a1e18e3b_9.0.30729.6161_none_50934f2ebcb7eb57\MSVCP90.dll
0x6b660000 - 0x6b703000 	C:\Windows\WinSxS\x86_microsoft.vc90.crt_1fc8b3b9a1e18e3b_9.0.30729.6161_none_50934f2ebcb7eb57\MSVCR90.dll
0x75780000 - 0x75796000 	C:\Windows\system32\CRYPTSP.dll
0x75520000 - 0x7555b000 	C:\Windows\system32\rsaenh.dll
0x74fc0000 - 0x74fd7000 	C:\Windows\system32\USERENV.dll
0x75d10000 - 0x75d1b000 	C:\Windows\system32\profapi.dll
0x55600000 - 0x55635000 	C:\Program Files\Microsoft Firewall Client 2004\FwcWsp.dll
0x73320000 - 0x73330000 	C:\Windows\system32\NLAapi.dll
0x71330000 - 0x71340000 	C:\Windows\system32\napinsp.dll
0x71210000 - 0x71222000 	C:\Windows\system32\pnrpnsp.dll
0x75600000 - 0x75644000 	C:\Windows\system32\DNSAPI.dll
0x71200000 - 0x71208000 	C:\Windows\System32\winrnr.dll
0x711f0000 - 0x711fd000 	C:\Windows\system32\wshbth.dll
0x74ee0000 - 0x74ee5000 	C:\Windows\System32\wshtcpip.dll
0x728d0000 - 0x728ec000 	C:\Windows\system32\IPHLPAPI.DLL
0x728c0000 - 0x728c7000 	C:\Windows\system32\WINNSI.DLL
0x711e0000 - 0x711e6000 	C:\Windows\system32\rasadhlp.dll
0x72630000 - 0x72668000 	C:\Windows\System32\fwpuclnt.dll
0x1bda0000 - 0x1bdb9000 	c:\ncmd.dll
0x1bdc0000 - 0x1bdd4000 	c:\UDP.dll
0x72560000 - 0x72572000 	C:\Windows\system32\dhcpcsvc.DLL
0x1bc20000 - 0x1bc32000 	C:\Program Files\Java\jdk1.7.0_09\bin\rxtxSerial.dll
0x69830000 - 0x6991b000 	C:\Windows\system32\dbghelp.dll

VM Arguments:
jvm_args: -Xdebug -Xrunjdwp:transport=dt_shmem,address=javadebug -Dfile.encoding=UTF-8 
java_command: multipledisplay.CMD
Launcher Type: SUN_STANDARD

Environment Variables:
PATH=c:\ant\bin;E:\Java\jdk1.7.0_09;C:\cygwin\bin;C:\cygwin\usr\sbin;C:\Program Files\AMD APP\bin\x86;E:\IDE\adt-bundle-windows-x86\sdk\tools;E:\IDE\adt-bundle-windows-x86\sdk\platform-tools;C:\Program Files\Java\jdk1.7.0_09\jre\bin;C:\Program Files\Java\jdk1.7.0_09\bin;C:\Windows\system32;C:\Windows;C:\Windows\System32\Wbem;C:\Windows\System32\WindowsPowerShell\v1.0\;C:\Program Files\Microsoft SQL Server\100\Tools\Binn\VSShell\Common7\IDE\;C:\Program Files\Microsoft SQL Server\100\Tools\Binn\;C:\Program Files\Microsoft SQL Server\100\DTS\Binn\;C:\Program Files\ATI Technologies\ATI.ACE\Core-Static;C:\Program Files\TortoiseSVN\bin;C:\usr\bin;C:\Program Files\WIDCOMM\Bluetooth Software\
USERNAME=A000847
OS=Windows_NT
PROCESSOR_IDENTIFIER=x86 Family 6 Model 37 Stepping 2, GenuineIntel



---------------  S Y S T E M  ---------------

OS: Windows 7 Build 7601 Service Pack 1

CPU:total 4 (2 cores per cpu, 2 threads per core) family 6 model 37 stepping 2, cmov, cx8, fxsr, mmx, sse, sse2, sse3, ssse3, sse4.1, sse4.2, popcnt, ht, tsc, tscinvbit

Memory: 4k page, physical 3136264k(880872k free), swap 6270776k(2537624k free)

vm_info: Java HotSpot(TM) Client VM (23.5-b02) for windows-x86 JRE (1.7.0_09-b05), built on Sep 24 2012 22:01:33 by "java_re" with unknown MS VC++:1600

time: Tue Nov 05 18:13:07 2013
elapsed time: 50 seconds

